<?xml version="1.0" encoding="UTF-8"?>
<testng-results skipped="0" failed="0" ignored="0" total="1" passed="1">
  <reporter-output>
  </reporter-output>
  <suite name="Flink_E2E_Suite" duration-ms="26316" started-at="2021-09-08T07:03:13Z" finished-at="2021-09-08T07:03:39Z">
    <groups>
    </groups>
    <test name="WeatherShopper" duration-ms="26316" started-at="2021-09-08T07:03:13Z" finished-at="2021-09-08T07:03:39Z">
      <class name="com.flink.tests.EndtoEnd_TC1">
        <test-method status="PASS" signature="endtoEnd_TC1(java.lang.String)[pri:0, instance:com.flink.tests.EndtoEnd_TC1@3159c4b8]" name="endtoEnd_TC1" duration-ms="25994" started-at="2021-09-08T07:03:13Z" finished-at="2021-09-08T07:03:39Z">
          <params>
            <param index="0">
              <value>
                <![CDATA[chrome]]>
              </value>
            </param>
          </params>
          <reporter-output>
          </reporter-output>
        </test-method> <!-- endtoEnd_TC1 -->
        <test-method status="PASS" signature="quit()[pri:0, instance:com.flink.tests.EndtoEnd_TC1@3159c4b8]" name="quit" is-config="true" duration-ms="304" started-at="2021-09-08T07:03:39Z" finished-at="2021-09-08T07:03:39Z">
          <reporter-output>
          </reporter-output>
        </test-method> <!-- quit -->
      </class> <!-- com.flink.tests.EndtoEnd_TC1 -->
    </test> <!-- WeatherShopper -->
  </suite> <!-- Flink_E2E_Suite -->
</testng-results>
